[26Sep2019 21:16:10.055] [main/INFO] [cpw.mods.modlauncher.Launcher/MODLAUNCHER]: ModLauncher running: args [--gameDir, ., --launchTarget, fmluserdevclient, --fml.mcpVersion, 20190829.143755, --fml.mcVersion, 1.14.4, --fml.forgeGroup, net.minecraftforge, --fml.forgeVersion, 28.1.22, --version, MOD_DEV, --assetIndex, 1.14, --assetsDir, C:\Users\ctvnu\.gradle\caches\forge_gradle\assets, --username, Dev, --accessToken, ❄❄❄❄❄❄❄❄, --userProperties, {}]
[26Sep2019 21:16:10.061] [main/INFO] [cpw.mods.modlauncher.Launcher/MODLAUNCHER]: ModLauncher 3.2.0+60+b86c1d4 starting: java version 1.8.0_221 by Oracle Corporation
[26Sep2019 21:16:10.999] [main/INFO] [net.minecraftforge.fml.loading.FixSSL/CORE]: Added Lets Encrypt root certificates as additional trust
[26Sep2019 21:16:12.116] [main/INFO] [cpw.mods.modlauncher.LaunchServiceHandler/MODLAUNCHER]: Launching target 'fmluserdevclient' with arguments [--version, MOD_DEV, --gameDir, ., --assetsDir, C:\Users\ctvnu\.gradle\caches\forge_gradle\assets, --assetIndex, 1.14, --username, Dev, --accessToken, ❄❄❄❄❄❄❄❄, --userProperties, {}]
[26Sep2019 21:16:15.378] [Client thread/INFO] [net.minecraft.client.Minecraft/]: Setting user: Dev
[26Sep2019 21:16:30.383] [Client thread/WARN] [net.minecraft.client.GameSettings/]: Skipping bad option: lastServer:
[26Sep2019 21:16:30.432] [Client thread/INFO] [net.minecraft.client.Minecraft/]: LWJGL Version: 3.2.2 build 10
[26Sep2019 21:16:32.244] [Client thread/FATAL] [net.minecraftforge.fml.ModLoader/LOADING]: File C:\Users\ctvnu\MC_Projects\ReinforcedItems\build\resources\main constructed 0 mods: [], but had 1 mods specified: [reinforceditems]
[26Sep2019 21:16:32.247] [Client thread/FATAL] [net.minecraftforge.fml.ModLoader/CORE]: Failed to initialize mod containers
net.minecraftforge.fml.ModLoadingException: mods.toml missing metadata for modid assets/reinforceditems
	at net.minecraftforge.fml.ModLoader.lambda$buildModContainerFromTOML$29(ModLoader.java:230) ~[forge-1.14.4-28.1.22_mapped_snapshot_20190926-1.14.3-recomp.jar:?]
	at java.util.Optional.orElseThrow(Optional.java:290) ~[?:1.8.0_221]
	at net.minecraftforge.fml.ModLoader.buildModContainerFromTOML(ModLoader.java:230) ~[forge-1.14.4-28.1.22_mapped_snapshot_20190926-1.14.3-recomp.jar:?]
	at net.minecraftforge.fml.ModLoader.lambda$buildMods$26(ModLoader.java:211) ~[forge-1.14.4-28.1.22_mapped_snapshot_20190926-1.14.3-recomp.jar:?]
	at java.util.stream.ReferencePipeline$3$1.accept(ReferencePipeline.java:193) ~[?:1.8.0_221]
	at java.util.HashMap$EntrySpliterator.forEachRemaining(HashMap.java:1699) ~[?:1.8.0_221]
	at java.util.stream.AbstractPipeline.copyInto(AbstractPipeline.java:482) ~[?:1.8.0_221]
	at java.util.stream.AbstractPipeline.wrapAndCopyInto(AbstractPipeline.java:472) ~[?:1.8.0_221]
	at java.util.stream.ReduceOps$ReduceOp.evaluateSequential(ReduceOps.java:708) ~[?:1.8.0_221]
	at java.util.stream.AbstractPipeline.evaluate(AbstractPipeline.java:234) ~[?:1.8.0_221]
	at java.util.stream.ReferencePipeline.collect(ReferencePipeline.java:499) ~[?:1.8.0_221]
	at net.minecraftforge.fml.ModLoader.buildMods(ModLoader.java:213) ~[forge-1.14.4-28.1.22_mapped_snapshot_20190926-1.14.3-recomp.jar:?]
	at net.minecraftforge.fml.ModLoader.lambda$gatherAndInitializeMods$18(ModLoader.java:170) ~[forge-1.14.4-28.1.22_mapped_snapshot_20190926-1.14.3-recomp.jar:?]
	at java.util.stream.ReferencePipeline$3$1.accept(ReferencePipeline.java:193) ~[?:1.8.0_221]
	at java.util.stream.ReferencePipeline$3$1.accept(ReferencePipeline.java:193) ~[?:1.8.0_221]
	at java.util.ArrayList$ArrayListSpliterator.forEachRemaining(ArrayList.java:1382) ~[?:1.8.0_221]
	at java.util.stream.AbstractPipeline.copyInto(AbstractPipeline.java:482) ~[?:1.8.0_221]
	at java.util.stream.AbstractPipeline.wrapAndCopyInto(AbstractPipeline.java:472) ~[?:1.8.0_221]
	at java.util.stream.ReduceOps$ReduceOp.evaluateSequential(ReduceOps.java:708) ~[?:1.8.0_221]
	at java.util.stream.AbstractPipeline.evaluate(AbstractPipeline.java:234) ~[?:1.8.0_221]
	at java.util.stream.ReferencePipeline.collect(ReferencePipeline.java:499) ~[?:1.8.0_221]
	at net.minecraftforge.fml.ModLoader.gatherAndInitializeMods(ModLoader.java:172) ~[forge-1.14.4-28.1.22_mapped_snapshot_20190926-1.14.3-recomp.jar:?]
	at net.minecraftforge.fml.client.ClientModLoader.lambda$begin$2(ClientModLoader.java:79) ~[forge-1.14.4-28.1.22_mapped_snapshot_20190926-1.14.3-recomp.jar:?]
	at net.minecraftforge.fml.client.ClientModLoader.lambda$createRunnableWithCatch$5(ClientModLoader.java:95) ~[forge-1.14.4-28.1.22_mapped_snapshot_20190926-1.14.3-recomp.jar:?]
	at net.minecraftforge.fml.client.ClientModLoader.begin(ClientModLoader.java:79) ~[forge-1.14.4-28.1.22_mapped_snapshot_20190926-1.14.3-recomp.jar:?]
	at net.minecraft.client.Minecraft.init(Minecraft.java:456) ~[forge-1.14.4-28.1.22_mapped_snapshot_20190926-1.14.3-recomp.jar:?]
	at net.minecraft.client.Minecraft.run(Minecraft.java:365) ~[forge-1.14.4-28.1.22_mapped_snapshot_20190926-1.14.3-recomp.jar:?]
	at net.minecraft.client.main.Main.main(Main.java:128) ~[forge-1.14.4-28.1.22_mapped_snapshot_20190926-1.14.3-recomp.jar:?]
	at sun.reflect.NativeMethodAccessorImpl.invoke0(Native Method) ~[?:1.8.0_221]
	at sun.reflect.NativeMethodAccessorImpl.invoke(NativeMethodAccessorImpl.java:62) ~[?:1.8.0_221]
	at sun.reflect.DelegatingMethodAccessorImpl.invoke(DelegatingMethodAccessorImpl.java:43) ~[?:1.8.0_221]
	at java.lang.reflect.Method.invoke(Method.java:498) ~[?:1.8.0_221]
	at net.minecraftforge.userdev.FMLUserdevClientLaunchProvider.lambda$launchService$0(FMLUserdevClientLaunchProvider.java:55) ~[forge-1.14.4-28.1.22_mapped_snapshot_20190926-1.14.3-recomp.jar:?]
	at cpw.mods.modlauncher.LaunchServiceHandlerDecorator.launch(LaunchServiceHandlerDecorator.java:37) [modlauncher-3.2.0.jar:?]
	at cpw.mods.modlauncher.LaunchServiceHandler.launch(LaunchServiceHandler.java:50) [modlauncher-3.2.0.jar:?]
	at cpw.mods.modlauncher.LaunchServiceHandler.launch(LaunchServiceHandler.java:68) [modlauncher-3.2.0.jar:?]
	at cpw.mods.modlauncher.Launcher.run(Launcher.java:80) [modlauncher-3.2.0.jar:?]
	at cpw.mods.modlauncher.Launcher.main(Launcher.java:65) [modlauncher-3.2.0.jar:?]
	at net.minecraftforge.userdev.LaunchTesting.main(LaunchTesting.java:101) [forge-1.14.4-28.1.22_mapped_snapshot_20190926-1.14.3-recomp.jar:?]
[26Sep2019 21:16:32.268] [Client thread/FATAL] [net.minecraftforge.eventbus.EventBus/EVENTBUS]: EventBus 0 shutting down - future events will not be posted.
java.lang.Exception: stacktrace
	at net.minecraftforge.eventbus.EventBus.shutdown(EventBus.java:278) ~[eventbus-1.0.0-service.jar:?]
	at net.minecraftforge.fml.client.ClientModLoader.lambda$createRunnableWithCatch$5(ClientModLoader.java:97) ~[forge-1.14.4-28.1.22_mapped_snapshot_20190926-1.14.3-recomp.jar:?]
	at net.minecraftforge.fml.client.ClientModLoader.begin(ClientModLoader.java:79) ~[forge-1.14.4-28.1.22_mapped_snapshot_20190926-1.14.3-recomp.jar:?]
	at net.minecraft.client.Minecraft.init(Minecraft.java:456) ~[forge-1.14.4-28.1.22_mapped_snapshot_20190926-1.14.3-recomp.jar:?]
	at net.minecraft.client.Minecraft.run(Minecraft.java:365) ~[forge-1.14.4-28.1.22_mapped_snapshot_20190926-1.14.3-recomp.jar:?]
	at net.minecraft.client.main.Main.main(Main.java:128) ~[forge-1.14.4-28.1.22_mapped_snapshot_20190926-1.14.3-recomp.jar:?]
	at sun.reflect.NativeMethodAccessorImpl.invoke0(Native Method) ~[?:1.8.0_221]
	at sun.reflect.NativeMethodAccessorImpl.invoke(NativeMethodAccessorImpl.java:62) ~[?:1.8.0_221]
	at sun.reflect.DelegatingMethodAccessorImpl.invoke(DelegatingMethodAccessorImpl.java:43) ~[?:1.8.0_221]
	at java.lang.reflect.Method.invoke(Method.java:498) ~[?:1.8.0_221]
	at net.minecraftforge.userdev.FMLUserdevClientLaunchProvider.lambda$launchService$0(FMLUserdevClientLaunchProvider.java:55) ~[forge-1.14.4-28.1.22_mapped_snapshot_20190926-1.14.3-recomp.jar:?]
	at cpw.mods.modlauncher.LaunchServiceHandlerDecorator.launch(LaunchServiceHandlerDecorator.java:37) [modlauncher-3.2.0.jar:?]
	at cpw.mods.modlauncher.LaunchServiceHandler.launch(LaunchServiceHandler.java:50) [modlauncher-3.2.0.jar:?]
	at cpw.mods.modlauncher.LaunchServiceHandler.launch(LaunchServiceHandler.java:68) [modlauncher-3.2.0.jar:?]
	at cpw.mods.modlauncher.Launcher.run(Launcher.java:80) [modlauncher-3.2.0.jar:?]
	at cpw.mods.modlauncher.Launcher.main(Launcher.java:65) [modlauncher-3.2.0.jar:?]
	at net.minecraftforge.userdev.LaunchTesting.main(LaunchTesting.java:101) [forge-1.14.4-28.1.22_mapped_snapshot_20190926-1.14.3-recomp.jar:?]
[26Sep2019 21:16:34.844] [Client thread/INFO] [com.mojang.text2speech.NarratorWindows/]: Narrator library for x64 successfully loaded
[26Sep2019 21:16:35.082] [Server-Worker-2/ERROR] [net.minecraftforge.fml.ModLoader/LOADING]: Skipping lifecycle event SETUP, 2 errors found.
[26Sep2019 21:16:35.082] [Server-Worker-2/FATAL] [net.minecraftforge.fml.ModLoader/LOADING]: Failed to complete lifecycle event SETUP, 2 errors found
[26Sep2019 21:16:35.082] [Server-Worker-2/FATAL] [net.minecraftforge.eventbus.EventBus/EVENTBUS]: EventBus 0 shutting down - future events will not be posted.
java.lang.Exception: stacktrace
	at net.minecraftforge.eventbus.EventBus.shutdown(EventBus.java:278) ~[eventbus-1.0.0-service.jar:?]
	at net.minecraftforge.fml.client.ClientModLoader.lambda$createRunnableWithCatch$5(ClientModLoader.java:97) ~[?:?]
	at net.minecraftforge.fml.client.ClientModLoader.startModLoading(ClientModLoader.java:105) ~[?:?]
	at net.minecraftforge.fml.client.ClientModLoader.lambda$onreload$3(ClientModLoader.java:87) ~[?:?]
	at net.minecraftforge.fml.client.ClientModLoader.lambda$createRunnableWithCatch$5(ClientModLoader.java:95) ~[?:?]
	at java.util.concurrent.CompletableFuture$AsyncRun.run(CompletableFuture.java:1626) [?:1.8.0_221]
	at java.util.concurrent.CompletableFuture$AsyncRun.exec(CompletableFuture.java:1618) [?:1.8.0_221]
	at java.util.concurrent.ForkJoinTask.doExec(ForkJoinTask.java:289) [?:1.8.0_221]
	at java.util.concurrent.ForkJoinPool$WorkQueue.runTask(ForkJoinPool.java:1056) [?:1.8.0_221]
	at java.util.concurrent.ForkJoinPool.runWorker(ForkJoinPool.java:1692) [?:1.8.0_221]
	at java.util.concurrent.ForkJoinWorkerThread.run(ForkJoinWorkerThread.java:157) [?:1.8.0_221]
[26Sep2019 21:16:37.536] [Realms Notification Availability checker #1/INFO] [com.mojang.realmsclient.client.RealmsClient/]: Could not authorize you against Realms server: Invalid session id
[26Sep2019 21:16:42.054] [Server-Worker-3/ERROR] [net.minecraftforge.fml.ModLoader/LOADING]: Skipping lifecycle event ENQUEUE_IMC, 2 errors found.
[26Sep2019 21:16:42.054] [Server-Worker-3/FATAL] [net.minecraftforge.fml.ModLoader/LOADING]: Failed to complete lifecycle event ENQUEUE_IMC, 2 errors found
[26Sep2019 21:16:42.054] [Server-Worker-3/FATAL] [net.minecraftforge.eventbus.EventBus/EVENTBUS]: EventBus 0 shutting down - future events will not be posted.
java.lang.Exception: stacktrace
	at net.minecraftforge.eventbus.EventBus.shutdown(EventBus.java:278) ~[eventbus-1.0.0-service.jar:?]
	at net.minecraftforge.fml.client.ClientModLoader.lambda$createRunnableWithCatch$5(ClientModLoader.java:97) ~[?:?]
	at net.minecraftforge.fml.client.ClientModLoader.finishModLoading(ClientModLoader.java:118) ~[?:?]
	at net.minecraftforge.fml.client.ClientModLoader.lambda$onreload$4(ClientModLoader.java:89) ~[?:?]
	at java.util.concurrent.CompletableFuture.uniRun(CompletableFuture.java:705) [?:1.8.0_221]
	at java.util.concurrent.CompletableFuture$UniRun.tryFire(CompletableFuture.java:687) [?:1.8.0_221]
	at java.util.concurrent.CompletableFuture$Completion.exec(CompletableFuture.java:443) [?:1.8.0_221]
	at java.util.concurrent.ForkJoinTask.doExec(ForkJoinTask.java:289) [?:1.8.0_221]
	at java.util.concurrent.ForkJoinPool$WorkQueue.runTask(ForkJoinPool.java:1056) [?:1.8.0_221]
	at java.util.concurrent.ForkJoinPool.runWorker(ForkJoinPool.java:1692) [?:1.8.0_221]
	at java.util.concurrent.ForkJoinWorkerThread.run(ForkJoinWorkerThread.java:157) [?:1.8.0_221]
[26Sep2019 21:16:42.070] [Client thread/WARN] [net.minecraft.client.GameSettings/]: Skipping bad option: lastServer:
[26Sep2019 21:16:42.535] [Client thread/INFO] [net.minecraft.client.audio.SoundSystem/]: OpenAL initialized.
[26Sep2019 21:16:42.536] [Client thread/INFO] [net.minecraft.client.audio.SoundEngine/SOUNDS]: Sound engine started
[26Sep2019 21:16:43.008] [Client thread/INFO] [net.minecraft.client.renderer.texture.AtlasTexture/]: Created: 512x512 textures-atlas
[26Sep2019 21:16:43.767] [Client thread/INFO] [net.minecraft.client.renderer.texture.AtlasTexture/]: Created: 256x256 textures/particle-atlas
[26Sep2019 21:16:43.780] [Client thread/INFO] [net.minecraft.client.renderer.texture.AtlasTexture/]: Created: 256x256 textures/painting-atlas
[26Sep2019 21:16:43.784] [Client thread/INFO] [net.minecraft.client.renderer.texture.AtlasTexture/]: Created: 128x128 textures/mob_effect-atlas
